<?xml version="1.0" encoding="UTF-8"?>
<!-- Generated by org.testng.reporters.JUnitReportReporter -->
<testsuite skipped="0" hostname="DavinderVasudev" name="com.crm.qa.test.LoginPageTest" tests="3" failures="0" timestamp="02 Aug 2018 11:03:22 GMT" time="101.177" errors="0">
  <testcase name="LoginPageTitleTest" time="22.731" classname="com.crm.qa.test.LoginPageTest"/>
  <testcase name="crmImageTest" time="27.202" classname="com.crm.qa.test.LoginPageTest"/>
  <testcase name="LoginTest" time="51.244" classname="com.crm.qa.test.LoginPageTest"/>
</testsuite> <!-- com.crm.qa.test.LoginPageTest -->
