<?xml version="1.0" encoding="UTF-8"?>
<!-- Generated by org.testng.reporters.JUnitReportReporter -->
<testsuite skipped="0" hostname="DavinderVasudev" name="com.crm.qa.test.HomePageTest" tests="2" failures="0" timestamp="01 Sep 2018 23:42:30 GMT" time="21.956" errors="0">
  <testcase name="verifyHomePageTitleTest" time="9.704" classname="com.crm.qa.test.HomePageTest"/>
  <testcase name="clickonCompaniesLinkTest" time="12.252" classname="com.crm.qa.test.HomePageTest"/>
</testsuite> <!-- com.crm.qa.test.HomePageTest -->
